TpTrace Verbose: 0 : 4472, 1, 2022/07/26, 16:47:25.280, 10337611712731, vstest.console.dll, Version: 16.11.0
TpTrace Information: 0 : 4472, 1, 2022/07/26, 16:47:25.291, 10337611781343, vstest.console.dll, FilePatternParser: The given file C:\Users\Daniel Todorov\Documents\GitHub\Chronometer-project\Chronometer\Chronometer.Tests\bin\Debug\net5.0\fine-code-coverage\build-output\Chronometer.Tests.dll is a full path.
TpTrace Verbose: 0 : 4472, 1, 2022/07/26, 16:47:25.297, 10337611839538, vstest.console.dll, TestPluginCache.DiscoverTestExtensions: finding test extensions in assemblies ends with: RuntimeProvider.dll TPluginInfo: Microsoft.VisualStudio.TestPlatform.Common.ExtensionFramework.Utilities.TestRuntimePluginInformation TExtension: Microsoft.VisualStudio.TestPlatform.ObjectModel.Host.ITestRuntimeProvider
TpTrace Verbose: 0 : 4472, 1, 2022/07/26, 16:47:25.297, 10337611845240, vstest.console.dll, TestPluginCache.GetExtensionPaths: Filtered extension paths: 
TpTrace Verbose: 0 : 4472, 1, 2022/07/26, 16:47:25.298, 10337611846306, vstest.console.dll, TestPluginCache.GetExtensionPaths: Added default extension paths: C:\Program Files\dotnet\sdk\5.0.408\Extensions\Microsoft.Diagnostics.NETCore.Client.dll
C:\Program Files\dotnet\sdk\5.0.408\Extensions\Microsoft.TestPlatform.Extensions.BlameDataCollector.dll
C:\Program Files\dotnet\sdk\5.0.408\Extensions\Microsoft.TestPlatform.Extensions.EventLogCollector.dll
C:\Program Files\dotnet\sdk\5.0.408\Extensions\Microsoft.TestPlatform.TestHostRuntimeProvider.dll
C:\Program Files\dotnet\sdk\5.0.408\Extensions\Microsoft.VisualStudio.TestPlatform.Extensions.Html.TestLogger.dll
C:\Program Files\dotnet\sdk\5.0.408\Extensions\Microsoft.VisualStudio.TestPlatform.Extensions.Trx.TestLogger.dll
TpTrace Verbose: 0 : 4472, 1, 2022/07/26, 16:47:25.298, 10337611846797, vstest.console.dll, TestPluginCache.GetExtensionPaths: Added unfilterableExtensionPaths: 
TpTrace Information: 0 : 4472, 1, 2022/07/26, 16:47:25.298, 10337611854922, vstest.console.dll, AssemblyResolver.ctor: Creating AssemblyResolver with searchDirectories C:\Program Files\dotnet\sdk\5.0.408\Extensions,C:\Program Files\dotnet\sdk\5.0.408
TpTrace Verbose: 0 : 4472, 1, 2022/07/26, 16:47:25.299, 10337611863297, vstest.console.dll, TestPluginCache.DiscoverTestExtensions: Discovering the extensions using extension path.
TpTrace Verbose: 0 : 4472, 1, 2022/07/26, 16:47:25.299, 10337611864347, vstest.console.dll, TestPluginCache.GetExtensionPaths: Filtered extension paths: 
TpTrace Verbose: 0 : 4472, 1, 2022/07/26, 16:47:25.299, 10337611864877, vstest.console.dll, TestPluginCache.GetExtensionPaths: Added default extension paths: C:\Program Files\dotnet\sdk\5.0.408\Extensions\Microsoft.Diagnostics.NETCore.Client.dll
C:\Program Files\dotnet\sdk\5.0.408\Extensions\Microsoft.TestPlatform.Extensions.BlameDataCollector.dll
C:\Program Files\dotnet\sdk\5.0.408\Extensions\Microsoft.TestPlatform.Extensions.EventLogCollector.dll
C:\Program Files\dotnet\sdk\5.0.408\Extensions\Microsoft.TestPlatform.TestHostRuntimeProvider.dll
C:\Program Files\dotnet\sdk\5.0.408\Extensions\Microsoft.VisualStudio.TestPlatform.Extensions.Html.TestLogger.dll
C:\Program Files\dotnet\sdk\5.0.408\Extensions\Microsoft.VisualStudio.TestPlatform.Extensions.Trx.TestLogger.dll
TpTrace Verbose: 0 : 4472, 1, 2022/07/26, 16:47:25.299, 10337611865311, vstest.console.dll, TestPluginCache.GetExtensionPaths: Added unfilterableExtensionPaths: 
TpTrace Verbose: 0 : 4472, 1, 2022/07/26, 16:47:25.300, 10337611866077, vstest.console.dll, TestPluginCache.DiscoverTestExtensions: Discovering the extensions using allExtensionPaths: C:\Program Files\dotnet\sdk\5.0.408\Extensions\Microsoft.Diagnostics.NETCore.Client.dll
C:\Program Files\dotnet\sdk\5.0.408\Extensions\Microsoft.TestPlatform.Extensions.BlameDataCollector.dll
C:\Program Files\dotnet\sdk\5.0.408\Extensions\Microsoft.TestPlatform.Extensions.EventLogCollector.dll
C:\Program Files\dotnet\sdk\5.0.408\Extensions\Microsoft.TestPlatform.TestHostRuntimeProvider.dll
C:\Program Files\dotnet\sdk\5.0.408\Extensions\Microsoft.VisualStudio.TestPlatform.Extensions.Html.TestLogger.dll
C:\Program Files\dotnet\sdk\5.0.408\Extensions\Microsoft.VisualStudio.TestPlatform.Extensions.Trx.TestLogger.dll
TpTrace Information: 0 : 4472, 1, 2022/07/26, 16:47:25.300, 10337611867501, vstest.console.dll, AssemblyResolver.AddSearchDirectories: Adding more searchDirectories C:\Program Files\dotnet\sdk\5.0.408\Extensions,C:\Program Files\dotnet\sdk\5.0.408
TpTrace Information: 0 : 4472, 1, 2022/07/26, 16:47:25.300, 10337611868246, vstest.console.dll, AssemblyResolver.AddSearchDirectories: Adding more searchDirectories C:\Program Files\dotnet\sdk\5.0.408\Extensions,C:\Program Files\dotnet\sdk\5.0.408
TpTrace Information: 0 : 4472, 1, 2022/07/26, 16:47:25.300, 10337611868755, vstest.console.dll, AssemblyResolver.AddSearchDirectories: Adding more searchDirectories C:\Program Files\dotnet\sdk\5.0.408\Extensions,C:\Program Files\dotnet\sdk\5.0.408
TpTrace Information: 0 : 4472, 1, 2022/07/26, 16:47:25.300, 10337611869184, vstest.console.dll, AssemblyResolver.AddSearchDirectories: Adding more searchDirectories C:\Program Files\dotnet\sdk\5.0.408\Extensions,C:\Program Files\dotnet\sdk\5.0.408
TpTrace Information: 0 : 4472, 1, 2022/07/26, 16:47:25.300, 10337611869615, vstest.console.dll, AssemblyResolver.AddSearchDirectories: Adding more searchDirectories C:\Program Files\dotnet\sdk\5.0.408\Extensions,C:\Program Files\dotnet\sdk\5.0.408
TpTrace Information: 0 : 4472, 1, 2022/07/26, 16:47:25.300, 10337611870082, vstest.console.dll, AssemblyResolver.AddSearchDirectories: Adding more searchDirectories C:\Program Files\dotnet\sdk\5.0.408\Extensions,C:\Program Files\dotnet\sdk\5.0.408
TpTrace Information: 0 : 4472, 1, 2022/07/26, 16:47:25.300, 10337611873531, vstest.console.dll, AssemblyResolver.OnResolve: Microsoft.Diagnostics.NETCore.Client: Resolving assembly.
TpTrace Information: 0 : 4472, 1, 2022/07/26, 16:47:25.300, 10337611874199, vstest.console.dll, AssemblyResolver.OnResolve: Microsoft.Diagnostics.NETCore.Client: Searching in: 'C:\Program Files\dotnet\sdk\5.0.408\Extensions'.
TpTrace Information: 0 : 4472, 1, 2022/07/26, 16:47:25.301, 10337611877848, vstest.console.dll, AssemblyResolver.OnResolve: Microsoft.Diagnostics.NETCore.Client: Loading assembly 'C:\Program Files\dotnet\sdk\5.0.408\Extensions\Microsoft.Diagnostics.NETCore.Client.dll'.
TpTrace Information: 0 : 4472, 1, 2022/07/26, 16:47:25.301, 10337611882227, vstest.console.dll, AssemblyResolver.OnResolve: Resolved assembly: Microsoft.Diagnostics.NETCore.Client, from path: C:\Program Files\dotnet\sdk\5.0.408\Extensions\Microsoft.Diagnostics.NETCore.Client.dll
TpTrace Information: 0 : 4472, 1, 2022/07/26, 16:47:25.304, 10337611906246, vstest.console.dll, AssemblyResolver.OnResolve: Microsoft.Bcl.AsyncInterfaces: Resolving assembly.
TpTrace Information: 0 : 4472, 1, 2022/07/26, 16:47:25.304, 10337611906817, vstest.console.dll, AssemblyResolver.OnResolve: Microsoft.Bcl.AsyncInterfaces: Searching in: 'C:\Program Files\dotnet\sdk\5.0.408\Extensions'.
TpTrace Information: 0 : 4472, 1, 2022/07/26, 16:47:25.304, 10337611907694, vstest.console.dll, AssemblyResolver.OnResolve: Microsoft.Bcl.AsyncInterfaces: Assembly path does not exist: 'C:\Program Files\dotnet\sdk\5.0.408\Extensions\Microsoft.Bcl.AsyncInterfaces.dll', returning.
TpTrace Information: 0 : 4472, 1, 2022/07/26, 16:47:25.304, 10337611908447, vstest.console.dll, AssemblyResolver.OnResolve: Microsoft.Bcl.AsyncInterfaces: Assembly path does not exist: 'C:\Program Files\dotnet\sdk\5.0.408\Extensions\Microsoft.Bcl.AsyncInterfaces.exe', returning.
TpTrace Information: 0 : 4472, 1, 2022/07/26, 16:47:25.304, 10337611908860, vstest.console.dll, AssemblyResolver.OnResolve: Microsoft.Bcl.AsyncInterfaces: Searching in: 'C:\Program Files\dotnet\sdk\5.0.408'.
TpTrace Information: 0 : 4472, 1, 2022/07/26, 16:47:25.304, 10337611909616, vstest.console.dll, AssemblyResolver.OnResolve: Microsoft.Bcl.AsyncInterfaces: Assembly path does not exist: 'C:\Program Files\dotnet\sdk\5.0.408\Microsoft.Bcl.AsyncInterfaces.dll', returning.
TpTrace Information: 0 : 4472, 1, 2022/07/26, 16:47:25.304, 10337611910385, vstest.console.dll, AssemblyResolver.OnResolve: Microsoft.Bcl.AsyncInterfaces: Assembly path does not exist: 'C:\Program Files\dotnet\sdk\5.0.408\Microsoft.Bcl.AsyncInterfaces.exe', returning.
TpTrace Information: 0 : 4472, 1, 2022/07/26, 16:47:25.304, 10337611911020, vstest.console.dll, AssemblyResolver.OnResolve: Microsoft.Bcl.AsyncInterfaces: Failed to load assembly.
TpTrace Verbose: 0 : 4472, 1, 2022/07/26, 16:47:25.304, 10337611911521, vstest.console.dll, CurrentDomainAssemblyResolve: Resolving assembly 'Microsoft.Bcl.AsyncInterfaces'.
TpTrace Information: 0 : 4472, 1, 2022/07/26, 16:47:25.304, 10337611912159, vstest.console.dll, AssemblyResolver.OnResolve: Microsoft.Bcl.AsyncInterfaces: Resolving assembly.
TpTrace Information: 0 : 4472, 1, 2022/07/26, 16:47:25.304, 10337611912599, vstest.console.dll, AssemblyResolver.OnResolve: Microsoft.Bcl.AsyncInterfaces: Resolved from cache.
TpTrace Verbose: 0 : 4472, 1, 2022/07/26, 16:47:25.304, 10337611913002, vstest.console.dll, CurrentDomainAssemblyResolve: Resolving assembly 'Microsoft.Bcl.AsyncInterfaces'.
TpTrace Verbose: 0 : 4472, 1, 2022/07/26, 16:47:25.304, 10337611913485, vstest.console.dll, CurrentDomainAssemblyResolve: Failed to resolve assembly 'Microsoft.Bcl.AsyncInterfaces'.
TpTrace Verbose: 0 : 4472, 1, 2022/07/26, 16:47:25.305, 10337611924488, vstest.console.dll, CurrentDomainAssemblyResolve: Failed to resolve assembly 'Microsoft.Bcl.AsyncInterfaces'.
TpTrace Warning: 0 : 4472, 1, 2022/07/26, 16:47:25.317, 10337612045387, vstest.console.dll, TestPluginDiscoverer: Failed to get types from assembly 'Microsoft.Diagnostics.NETCore.Client, Version=0.2.2.41902, Culture=neutral, PublicKeyToken=31bf3856ad364e35'.  Skipping test extension scan for this assembly.  Error: System.Reflection.ReflectionTypeLoadException: Unable to load one or more of the requested types.
Could not load file or assembly 'Microsoft.Bcl.AsyncInterfaces, Version=1.0.0.0, Culture=neutral, PublicKeyToken=cc7b13ffcd2ddd51'. The system cannot find the file specified.
   at System.Reflection.RuntimeModule.GetTypes(RuntimeModule module)
   at System.Reflection.RuntimeModule.GetTypes()
   at System.Reflection.Assembly.GetTypes()
   at Microsoft.VisualStudio.TestPlatform.Common.ExtensionFramework.TestPluginDiscoverer.GetTestExtensionsFromAssembly[TPluginInfo,TExtension](Assembly assembly, Dictionary`2 pluginInfos)
System.IO.FileNotFoundException: Could not load file or assembly 'Microsoft.Bcl.AsyncInterfaces, Version=1.0.0.0, Culture=neutral, PublicKeyToken=cc7b13ffcd2ddd51'. The system cannot find the file specified.
File name: 'Microsoft.Bcl.AsyncInterfaces, Version=1.0.0.0, Culture=neutral, PublicKeyToken=cc7b13ffcd2ddd51'
TpTrace Warning: 0 : 4472, 1, 2022/07/26, 16:47:25.318, 10337612046320, vstest.console.dll, LoaderExceptions: System.IO.FileNotFoundException: Could not load file or assembly 'Microsoft.Bcl.AsyncInterfaces, Version=1.0.0.0, Culture=neutral, PublicKeyToken=cc7b13ffcd2ddd51'. The system cannot find the file specified.
File name: 'Microsoft.Bcl.AsyncInterfaces, Version=1.0.0.0, Culture=neutral, PublicKeyToken=cc7b13ffcd2ddd51'
TpTrace Information: 0 : 4472, 1, 2022/07/26, 16:47:25.318, 10337612047299, vstest.console.dll, AssemblyResolver.OnResolve: Microsoft.TestPlatform.Extensions.BlameDataCollector: Resolving assembly.
TpTrace Information: 0 : 4472, 1, 2022/07/26, 16:47:25.318, 10337612047772, vstest.console.dll, AssemblyResolver.OnResolve: Microsoft.TestPlatform.Extensions.BlameDataCollector: Searching in: 'C:\Program Files\dotnet\sdk\5.0.408\Extensions'.
TpTrace Information: 0 : 4472, 1, 2022/07/26, 16:47:25.318, 10337612050227, vstest.console.dll, AssemblyResolver.OnResolve: Microsoft.TestPlatform.Extensions.BlameDataCollector: Loading assembly 'C:\Program Files\dotnet\sdk\5.0.408\Extensions\Microsoft.TestPlatform.Extensions.BlameDataCollector.dll'.
TpTrace Information: 0 : 4472, 1, 2022/07/26, 16:47:25.318, 10337612053766, vstest.console.dll, AssemblyResolver.OnResolve: Resolved assembly: Microsoft.TestPlatform.Extensions.BlameDataCollector, from path: C:\Program Files\dotnet\sdk\5.0.408\Extensions\Microsoft.TestPlatform.Extensions.BlameDataCollector.dll
TpTrace Information: 0 : 4472, 1, 2022/07/26, 16:47:25.319, 10337612058855, vstest.console.dll, AssemblyResolver.OnResolve: Microsoft.TestPlatform.Extensions.EventLogCollector: Resolving assembly.
TpTrace Information: 0 : 4472, 1, 2022/07/26, 16:47:25.319, 10337612059394, vstest.console.dll, AssemblyResolver.OnResolve: Microsoft.TestPlatform.Extensions.EventLogCollector: Searching in: 'C:\Program Files\dotnet\sdk\5.0.408\Extensions'.
TpTrace Information: 0 : 4472, 1, 2022/07/26, 16:47:25.319, 10337612061562, vstest.console.dll, AssemblyResolver.OnResolve: Microsoft.TestPlatform.Extensions.EventLogCollector: Loading assembly 'C:\Program Files\dotnet\sdk\5.0.408\Extensions\Microsoft.TestPlatform.Extensions.EventLogCollector.dll'.
TpTrace Information: 0 : 4472, 1, 2022/07/26, 16:47:25.319, 10337612064512, vstest.console.dll, AssemblyResolver.OnResolve: Resolved assembly: Microsoft.TestPlatform.Extensions.EventLogCollector, from path: C:\Program Files\dotnet\sdk\5.0.408\Extensions\Microsoft.TestPlatform.Extensions.EventLogCollector.dll
TpTrace Information: 0 : 4472, 1, 2022/07/26, 16:47:25.321, 10337612076627, vstest.console.dll, AssemblyResolver.OnResolve: Microsoft.TestPlatform.TestHostRuntimeProvider: Resolving assembly.
TpTrace Information: 0 : 4472, 1, 2022/07/26, 16:47:25.321, 10337612077241, vstest.console.dll, AssemblyResolver.OnResolve: Microsoft.TestPlatform.TestHostRuntimeProvider: Searching in: 'C:\Program Files\dotnet\sdk\5.0.408\Extensions'.
TpTrace Information: 0 : 4472, 1, 2022/07/26, 16:47:25.321, 10337612079360, vstest.console.dll, AssemblyResolver.OnResolve: Microsoft.TestPlatform.TestHostRuntimeProvider: Loading assembly 'C:\Program Files\dotnet\sdk\5.0.408\Extensions\Microsoft.TestPlatform.TestHostRuntimeProvider.dll'.
TpTrace Information: 0 : 4472, 1, 2022/07/26, 16:47:25.321, 10337612082547, vstest.console.dll, AssemblyResolver.OnResolve: Resolved assembly: Microsoft.TestPlatform.TestHostRuntimeProvider, from path: C:\Program Files\dotnet\sdk\5.0.408\Extensions\Microsoft.TestPlatform.TestHostRuntimeProvider.dll
TpTrace Information: 0 : 4472, 1, 2022/07/26, 16:47:25.322, 10337612092072, vstest.console.dll, AssemblyResolver.OnResolve: Microsoft.VisualStudio.TestPlatform.Extensions.Html.TestLogger: Resolving assembly.
TpTrace Information: 0 : 4472, 1, 2022/07/26, 16:47:25.322, 10337612092658, vstest.console.dll, AssemblyResolver.OnResolve: Microsoft.VisualStudio.TestPlatform.Extensions.Html.TestLogger: Searching in: 'C:\Program Files\dotnet\sdk\5.0.408\Extensions'.
TpTrace Information: 0 : 4472, 1, 2022/07/26, 16:47:25.322, 10337612094863, vstest.console.dll, AssemblyResolver.OnResolve: Microsoft.VisualStudio.TestPlatform.Extensions.Html.TestLogger: Loading assembly 'C:\Program Files\dotnet\sdk\5.0.408\Extensions\Microsoft.VisualStudio.TestPlatform.Extensions.Html.TestLogger.dll'.
TpTrace Information: 0 : 4472, 1, 2022/07/26, 16:47:25.323, 10337612097928, vstest.console.dll, AssemblyResolver.OnResolve: Resolved assembly: Microsoft.VisualStudio.TestPlatform.Extensions.Html.TestLogger, from path: C:\Program Files\dotnet\sdk\5.0.408\Extensions\Microsoft.VisualStudio.TestPlatform.Extensions.Html.TestLogger.dll
TpTrace Information: 0 : 4472, 1, 2022/07/26, 16:47:25.323, 10337612100434, vstest.console.dll, AssemblyResolver.OnResolve: Microsoft.VisualStudio.TestPlatform.Extensions.Trx.TestLogger: Resolving assembly.
TpTrace Information: 0 : 4472, 1, 2022/07/26, 16:47:25.323, 10337612100933, vstest.console.dll, AssemblyResolver.OnResolve: Microsoft.VisualStudio.TestPlatform.Extensions.Trx.TestLogger: Searching in: 'C:\Program Files\dotnet\sdk\5.0.408\Extensions'.
TpTrace Information: 0 : 4472, 1, 2022/07/26, 16:47:25.323, 10337612103101, vstest.console.dll, AssemblyResolver.OnResolve: Microsoft.VisualStudio.TestPlatform.Extensions.Trx.TestLogger: Loading assembly 'C:\Program Files\dotnet\sdk\5.0.408\Extensions\Microsoft.VisualStudio.TestPlatform.Extensions.Trx.TestLogger.dll'.
TpTrace Information: 0 : 4472, 1, 2022/07/26, 16:47:25.324, 10337612107043, vstest.console.dll, AssemblyResolver.OnResolve: Resolved assembly: Microsoft.VisualStudio.TestPlatform.Extensions.Trx.TestLogger, from path: C:\Program Files\dotnet\sdk\5.0.408\Extensions\Microsoft.VisualStudio.TestPlatform.Extensions.Trx.TestLogger.dll
TpTrace Verbose: 0 : 4472, 1, 2022/07/26, 16:47:25.324, 10337612111375, vstest.console.dll, TestPluginCache: Discovered the extensions using extension path ''.
TpTrace Verbose: 0 : 4472, 1, 2022/07/26, 16:47:25.324, 10337612111889, vstest.console.dll, TestPluginCache: Discoverers are ''.
TpTrace Verbose: 0 : 4472, 1, 2022/07/26, 16:47:25.324, 10337612112298, vstest.console.dll, TestPluginCache: Executors are ''.
TpTrace Verbose: 0 : 4472, 1, 2022/07/26, 16:47:25.324, 10337612112646, vstest.console.dll, TestPluginCache: Executors2 are ''.
TpTrace Verbose: 0 : 4472, 1, 2022/07/26, 16:47:25.324, 10337612112975, vstest.console.dll, TestPluginCache: Setting providers are ''.
TpTrace Verbose: 0 : 4472, 1, 2022/07/26, 16:47:25.324, 10337612113299, vstest.console.dll, TestPluginCache: Loggers are ''.
TpTrace Information: 0 : 4472, 1, 2022/07/26, 16:47:25.329, 10337612158216, vstest.console.dll, RunTestsArgumentProcessor:Execute: Test run is starting.
TpTrace Verbose: 0 : 4472, 1, 2022/07/26, 16:47:25.329, 10337612159158, vstest.console.dll, RunTestsArgumentProcessor:Execute: Queuing Test run.
TpTrace Information: 0 : 4472, 1, 2022/07/26, 16:47:25.329, 10337612160892, vstest.console.dll, TestRequestManager.RunTests: run tests started.
TpTrace Information: 0 : 4472, 1, 2022/07/26, 16:47:25.346, 10337612329820, vstest.console.dll, AssemblyMetadataProvider.GetFrameWork: Determined framework:'.NETCoreApp,Version=v5.0' for source: 'C:\Users\Daniel Todorov\Documents\GitHub\Chronometer-project\Chronometer\Chronometer.Tests\bin\Debug\net5.0\fine-code-coverage\build-output\Chronometer.Tests.dll'
TpTrace Information: 0 : 4472, 1, 2022/07/26, 16:47:25.346, 10337612331931, vstest.console.dll, Determined framework for all sources: .NETCoreApp,Version=v5.0
TpTrace Information: 0 : 4472, 1, 2022/07/26, 16:47:25.347, 10337612336674, vstest.console.dll, AssemblyMetadataProvider.GetArchitecture: Determined architecture:AnyCPU info for assembly: C:\Users\Daniel Todorov\Documents\GitHub\Chronometer-project\Chronometer\Chronometer.Tests\bin\Debug\net5.0\fine-code-coverage\build-output\Chronometer.Tests.dll
TpTrace Information: 0 : 4472, 1, 2022/07/26, 16:47:25.348, 10337612355623, vstest.console.dll, Determined platform for all sources: X64
TpTrace Information: 0 : 4472, 1, 2022/07/26, 16:47:25.351, 10337612381613, vstest.console.dll, Compatible sources list : 
TpTrace Information: 0 : 4472, 1, 2022/07/26, 16:47:25.351, 10337612382317, vstest.console.dll, C:\Users\Daniel Todorov\Documents\GitHub\Chronometer-project\Chronometer\Chronometer.Tests\bin\Debug\net5.0\fine-code-coverage\build-output\Chronometer.Tests.dll
TpTrace Information: 0 : 4472, 1, 2022/07/26, 16:47:25.353, 10337612401395, vstest.console.dll, InferRunSettingsHelper.IsTestSettingsEnabled: Unable to navigate to RunSettings/MSTest. Current node: RunSettings
TpTrace Information: 0 : 4472, 1, 2022/07/26, 16:47:25.354, 10337612407061, vstest.console.dll, AssemblyResolver.OnResolve: Microsoft.VisualStudio.TestPlatform.Fakes: Resolving assembly.
TpTrace Information: 0 : 4472, 1, 2022/07/26, 16:47:25.354, 10337612407687, vstest.console.dll, AssemblyResolver.OnResolve: Microsoft.VisualStudio.TestPlatform.Fakes: Searching in: 'C:\Program Files\dotnet\sdk\5.0.408\Extensions'.
TpTrace Information: 0 : 4472, 1, 2022/07/26, 16:47:25.354, 10337612408765, vstest.console.dll, AssemblyResolver.OnResolve: Microsoft.VisualStudio.TestPlatform.Fakes: Assembly path does not exist: 'C:\Program Files\dotnet\sdk\5.0.408\Extensions\Microsoft.VisualStudio.TestPlatform.Fakes.dll', returning.
TpTrace Information: 0 : 4472, 1, 2022/07/26, 16:47:25.354, 10337612409588, vstest.console.dll, AssemblyResolver.OnResolve: Microsoft.VisualStudio.TestPlatform.Fakes: Assembly path does not exist: 'C:\Program Files\dotnet\sdk\5.0.408\Extensions\Microsoft.VisualStudio.TestPlatform.Fakes.exe', returning.
TpTrace Information: 0 : 4472, 1, 2022/07/26, 16:47:25.354, 10337612410493, vstest.console.dll, AssemblyResolver.OnResolve: Microsoft.VisualStudio.TestPlatform.Fakes: Searching in: 'C:\Program Files\dotnet\sdk\5.0.408'.
TpTrace Information: 0 : 4472, 1, 2022/07/26, 16:47:25.354, 10337612411392, vstest.console.dll, AssemblyResolver.OnResolve: Microsoft.VisualStudio.TestPlatform.Fakes: Assembly path does not exist: 'C:\Program Files\dotnet\sdk\5.0.408\Microsoft.VisualStudio.TestPlatform.Fakes.dll', returning.
TpTrace Information: 0 : 4472, 1, 2022/07/26, 16:47:25.354, 10337612412160, vstest.console.dll, AssemblyResolver.OnResolve: Microsoft.VisualStudio.TestPlatform.Fakes: Assembly path does not exist: 'C:\Program Files\dotnet\sdk\5.0.408\Microsoft.VisualStudio.TestPlatform.Fakes.exe', returning.
TpTrace Information: 0 : 4472, 1, 2022/07/26, 16:47:25.354, 10337612412555, vstest.console.dll, AssemblyResolver.OnResolve: Microsoft.VisualStudio.TestPlatform.Fakes: Failed to load assembly.
TpTrace Information: 0 : 4472, 1, 2022/07/26, 16:47:25.355, 10337612416654, vstest.console.dll, Failed to create newly implemented Fakes Configurator. Reason:System.IO.FileNotFoundException: Could not load file or assembly 'Microsoft.VisualStudio.TestPlatform.Fakes, Version=16.0.0.0, Culture=neutral, PublicKeyToken=null'. The system cannot find the file specified.
File name: 'Microsoft.VisualStudio.TestPlatform.Fakes, Version=16.0.0.0, Culture=neutral, PublicKeyToken=null'
   at System.Reflection.RuntimeAssembly.InternalLoad(ObjectHandleOnStack assemblyName, ObjectHandleOnStack requestingAssembly, StackCrawlMarkHandle stackMark, Boolean throwOnFileNotFound, ObjectHandleOnStack assemblyLoadContext, ObjectHandleOnStack retAssembly)
   at System.Reflection.RuntimeAssembly.InternalLoad(AssemblyName assemblyName, RuntimeAssembly requestingAssembly, StackCrawlMark& stackMark, Boolean throwOnFileNotFound, AssemblyLoadContext assemblyLoadContext)
   at System.Reflection.Assembly.Load(AssemblyName assemblyRef)
   at Microsoft.VisualStudio.TestPlatform.Common.Utilities.FakesUtilities.TryGetFakesCrossPlatformDataCollectorConfigurator() 
TpTrace Verbose: 0 : 4472, 1, 2022/07/26, 16:47:25.358, 10337612452070, vstest.console.dll, TestPluginCache.DiscoverTestExtensions: finding test extensions in assemblies ends with: TestLogger.dll TPluginInfo: Microsoft.VisualStudio.TestPlatform.Common.ExtensionFramework.Utilities.TestLoggerPluginInformation TExtension: Microsoft.VisualStudio.TestPlatform.ObjectModel.Client.ITestLogger
TpTrace Verbose: 0 : 4472, 1, 2022/07/26, 16:47:25.358, 10337612452823, vstest.console.dll, TestPluginCache.GetExtensionPaths: Filtered extension paths: 
TpTrace Verbose: 0 : 4472, 1, 2022/07/26, 16:47:25.358, 10337612453261, vstest.console.dll, TestPluginCache.GetExtensionPaths: Added default extension paths: C:\Program Files\dotnet\sdk\5.0.408\Extensions\Microsoft.Diagnostics.NETCore.Client.dll
C:\Program Files\dotnet\sdk\5.0.408\Extensions\Microsoft.TestPlatform.Extensions.BlameDataCollector.dll
C:\Program Files\dotnet\sdk\5.0.408\Extensions\Microsoft.TestPlatform.Extensions.EventLogCollector.dll
C:\Program Files\dotnet\sdk\5.0.408\Extensions\Microsoft.TestPlatform.TestHostRuntimeProvider.dll
C:\Program Files\dotnet\sdk\5.0.408\Extensions\Microsoft.VisualStudio.TestPlatform.Extensions.Html.TestLogger.dll
C:\Program Files\dotnet\sdk\5.0.408\Extensions\Microsoft.VisualStudio.TestPlatform.Extensions.Trx.TestLogger.dll
TpTrace Verbose: 0 : 4472, 1, 2022/07/26, 16:47:25.358, 10337612453716, vstest.console.dll, TestPluginCache.GetExtensionPaths: Added unfilterableExtensionPaths: 
TpTrace Information: 0 : 4472, 1, 2022/07/26, 16:47:25.358, 10337612455059, vstest.console.dll, AssemblyResolver.AddSearchDirectories: Adding more searchDirectories C:\Program Files\dotnet\sdk\5.0.408\Extensions,C:\Program Files\dotnet\sdk\5.0.408
TpTrace Verbose: 0 : 4472, 1, 2022/07/26, 16:47:25.358, 10337612455539, vstest.console.dll, TestPluginCache.DiscoverTestExtensions: Discovering the extensions using extension path.
TpTrace Verbose: 0 : 4472, 1, 2022/07/26, 16:47:25.359, 10337612456343, vstest.console.dll, TestPluginCache.GetExtensionPaths: Filtered extension paths: 
TpTrace Verbose: 0 : 4472, 1, 2022/07/26, 16:47:25.359, 10337612456762, vstest.console.dll, TestPluginCache.GetExtensionPaths: Added default extension paths: C:\Program Files\dotnet\sdk\5.0.408\Extensions\Microsoft.Diagnostics.NETCore.Client.dll
C:\Program Files\dotnet\sdk\5.0.408\Extensions\Microsoft.TestPlatform.Extensions.BlameDataCollector.dll
C:\Program Files\dotnet\sdk\5.0.408\Extensions\Microsoft.TestPlatform.Extensions.EventLogCollector.dll
C:\Program Files\dotnet\sdk\5.0.408\Extensions\Microsoft.TestPlatform.TestHostRuntimeProvider.dll
C:\Program Files\dotnet\sdk\5.0.408\Extensions\Microsoft.VisualStudio.TestPlatform.Extensions.Html.TestLogger.dll
C:\Program Files\dotnet\sdk\5.0.408\Extensions\Microsoft.VisualStudio.TestPlatform.Extensions.Trx.TestLogger.dll
TpTrace Verbose: 0 : 4472, 1, 2022/07/26, 16:47:25.359, 10337612457149, vstest.console.dll, TestPluginCache.GetExtensionPaths: Added unfilterableExtensionPaths: 
TpTrace Verbose: 0 : 4472, 1, 2022/07/26, 16:47:25.359, 10337612457582, vstest.console.dll, TestPluginCache.DiscoverTestExtensions: Discovering the extensions using allExtensionPaths: C:\Program Files\dotnet\sdk\5.0.408\Extensions\Microsoft.Diagnostics.NETCore.Client.dll
C:\Program Files\dotnet\sdk\5.0.408\Extensions\Microsoft.TestPlatform.Extensions.BlameDataCollector.dll
C:\Program Files\dotnet\sdk\5.0.408\Extensions\Microsoft.TestPlatform.Extensions.EventLogCollector.dll
C:\Program Files\dotnet\sdk\5.0.408\Extensions\Microsoft.TestPlatform.TestHostRuntimeProvider.dll
C:\Program Files\dotnet\sdk\5.0.408\Extensions\Microsoft.VisualStudio.TestPlatform.Extensions.Html.TestLogger.dll
C:\Program Files\dotnet\sdk\5.0.408\Extensions\Microsoft.VisualStudio.TestPlatform.Extensions.Trx.TestLogger.dll
TpTrace Information: 0 : 4472, 1, 2022/07/26, 16:47:25.359, 10337612458133, vstest.console.dll, AssemblyResolver.AddSearchDirectories: Adding more searchDirectories C:\Program Files\dotnet\sdk\5.0.408\Extensions,C:\Program Files\dotnet\sdk\5.0.408
TpTrace Information: 0 : 4472, 1, 2022/07/26, 16:47:25.359, 10337612458552, vstest.console.dll, AssemblyResolver.AddSearchDirectories: Adding more searchDirectories C:\Program Files\dotnet\sdk\5.0.408\Extensions,C:\Program Files\dotnet\sdk\5.0.408
TpTrace Information: 0 : 4472, 1, 2022/07/26, 16:47:25.359, 10337612458943, vstest.console.dll, AssemblyResolver.AddSearchDirectories: Adding more searchDirectories C:\Program Files\dotnet\sdk\5.0.408\Extensions,C:\Program Files\dotnet\sdk\5.0.408
TpTrace Information: 0 : 4472, 1, 2022/07/26, 16:47:25.359, 10337612459534, vstest.console.dll, AssemblyResolver.AddSearchDirectories: Adding more searchDirectories C:\Program Files\dotnet\sdk\5.0.408\Extensions,C:\Program Files\dotnet\sdk\5.0.408
TpTrace Information: 0 : 4472, 1, 2022/07/26, 16:47:25.359, 10337612460169, vstest.console.dll, AssemblyResolver.AddSearchDirectories: Adding more searchDirectories C:\Program Files\dotnet\sdk\5.0.408\Extensions,C:\Program Files\dotnet\sdk\5.0.408
TpTrace Information: 0 : 4472, 1, 2022/07/26, 16:47:25.359, 10337612460556, vstest.console.dll, AssemblyResolver.AddSearchDirectories: Adding more searchDirectories C:\Program Files\dotnet\sdk\5.0.408\Extensions,C:\Program Files\dotnet\sdk\5.0.408
TpTrace Information: 0 : 4472, 1, 2022/07/26, 16:47:25.359, 10337612462938, vstest.console.dll, AssemblyResolver.OnResolve: Microsoft.Bcl.AsyncInterfaces: Resolving assembly.
TpTrace Information: 0 : 4472, 1, 2022/07/26, 16:47:25.359, 10337612463447, vstest.console.dll, AssemblyResolver.OnResolve: Microsoft.Bcl.AsyncInterfaces: Resolved from cache.
TpTrace Verbose: 0 : 4472, 1, 2022/07/26, 16:47:25.359, 10337612463861, vstest.console.dll, CurrentDomainAssemblyResolve: Resolving assembly 'Microsoft.Bcl.AsyncInterfaces'.
TpTrace Information: 0 : 4472, 1, 2022/07/26, 16:47:25.359, 10337612464456, vstest.console.dll, AssemblyResolver.OnResolve: Microsoft.Bcl.AsyncInterfaces: Resolving assembly.
TpTrace Information: 0 : 4472, 1, 2022/07/26, 16:47:25.359, 10337612464857, vstest.console.dll, AssemblyResolver.OnResolve: Microsoft.Bcl.AsyncInterfaces: Resolved from cache.
TpTrace Verbose: 0 : 4472, 1, 2022/07/26, 16:47:25.359, 10337612465281, vstest.console.dll, CurrentDomainAssemblyResolve: Resolving assembly 'Microsoft.Bcl.AsyncInterfaces'.
TpTrace Verbose: 0 : 4472, 1, 2022/07/26, 16:47:25.359, 10337612465638, vstest.console.dll, CurrentDomainAssemblyResolve: Failed to resolve assembly 'Microsoft.Bcl.AsyncInterfaces'.
TpTrace Verbose: 0 : 4472, 1, 2022/07/26, 16:47:25.360, 10337612466990, vstest.console.dll, CurrentDomainAssemblyResolve: Failed to resolve assembly 'Microsoft.Bcl.AsyncInterfaces'.
TpTrace Warning: 0 : 4472, 1, 2022/07/26, 16:47:25.360, 10337612469854, vstest.console.dll, TestPluginDiscoverer: Failed to get types from assembly 'Microsoft.Diagnostics.NETCore.Client, Version=0.2.2.41902, Culture=neutral, PublicKeyToken=31bf3856ad364e35'.  Skipping test extension scan for this assembly.  Error: System.Reflection.ReflectionTypeLoadException: Unable to load one or more of the requested types.
Could not load file or assembly 'Microsoft.Bcl.AsyncInterfaces, Version=1.0.0.0, Culture=neutral, PublicKeyToken=cc7b13ffcd2ddd51'. The system cannot find the file specified.
   at System.Reflection.RuntimeModule.GetTypes(RuntimeModule module)
   at System.Reflection.RuntimeModule.GetTypes()
   at System.Reflection.Assembly.GetTypes()
   at Microsoft.VisualStudio.TestPlatform.Common.ExtensionFramework.TestPluginDiscoverer.GetTestExtensionsFromAssembly[TPluginInfo,TExtension](Assembly assembly, Dictionary`2 pluginInfos)
System.IO.FileNotFoundException: Could not load file or assembly 'Microsoft.Bcl.AsyncInterfaces, Version=1.0.0.0, Culture=neutral, PublicKeyToken=cc7b13ffcd2ddd51'. The system cannot find the file specified.
File name: 'Microsoft.Bcl.AsyncInterfaces, Version=1.0.0.0, Culture=neutral, PublicKeyToken=cc7b13ffcd2ddd51'
TpTrace Warning: 0 : 4472, 1, 2022/07/26, 16:47:25.360, 10337612470387, vstest.console.dll, LoaderExceptions: System.IO.FileNotFoundException: Could not load file or assembly 'Microsoft.Bcl.AsyncInterfaces, Version=1.0.0.0, Culture=neutral, PublicKeyToken=cc7b13ffcd2ddd51'. The system cannot find the file specified.
File name: 'Microsoft.Bcl.AsyncInterfaces, Version=1.0.0.0, Culture=neutral, PublicKeyToken=cc7b13ffcd2ddd51'
TpTrace Verbose: 0 : 4472, 1, 2022/07/26, 16:47:25.360, 10337612474183, vstest.console.dll, TestPluginCache: Discovered the extensions using extension path ''.
TpTrace Verbose: 0 : 4472, 1, 2022/07/26, 16:47:25.360, 10337612474613, vstest.console.dll, TestPluginCache: Discoverers are ''.
TpTrace Verbose: 0 : 4472, 1, 2022/07/26, 16:47:25.360, 10337612474957, vstest.console.dll, TestPluginCache: Executors are ''.
TpTrace Verbose: 0 : 4472, 1, 2022/07/26, 16:47:25.360, 10337612475342, vstest.console.dll, TestPluginCache: Executors2 are ''.
TpTrace Verbose: 0 : 4472, 1, 2022/07/26, 16:47:25.360, 10337612475673, vstest.console.dll, TestPluginCache: Setting providers are ''.
TpTrace Verbose: 0 : 4472, 1, 2022/07/26, 16:47:25.361, 10337612476361, vstest.console.dll, TestPluginCache: Loggers are 'logger://Microsoft/TestPlatform/Extensions/Blame/v1,logger://Microsoft/TestPlatform/HtmlLogger/v1,logger://Microsoft/TestPlatform/TrxLogger/v1'.
TpTrace Information: 0 : 4472, 1, 2022/07/26, 16:47:25.361, 10337612482370, vstest.console.dll, TestPluginManager.CreateTestExtension: Attempting to load test extension: Microsoft.TestPlatform.Extensions.BlameDataCollector.BlameLogger
TpTrace Information: 0 : 4472, 1, 2022/07/26, 16:47:25.369, 10337612563179, vstest.console.dll, TestPluginManager.CreateTestExtension: Attempting to load test extension: Microsoft.VisualStudio.TestPlatform.CrossPlatEngine.Hosting.DefaultTestHostManager
TpTrace Information: 0 : 4472, 1, 2022/07/26, 16:47:25.369, 10337612565197, vstest.console.dll, TestPluginManager.CreateTestExtension: Attempting to load test extension: Microsoft.VisualStudio.TestPlatform.CrossPlatEngine.Hosting.DotnetTestHostManager
TpTrace Verbose: 0 : 4472, 1, 2022/07/26, 16:47:25.370, 10337612570321, vstest.console.dll, TestEngine: Initializing Parallel Execution as MaxCpuCount is set to: 1
TpTrace Information: 0 : 4472, 1, 2022/07/26, 16:47:25.370, 10337612574798, vstest.console.dll, InferRunSettingsHelper.IsTestSettingsEnabled: Unable to navigate to RunSettings/MSTest. Current node: RunSettings
TpTrace Verbose: 0 : 4472, 1, 2022/07/26, 16:47:25.381, 10337612675754, vstest.console.dll, TestRequestSender is acting as server
TpTrace Verbose: 0 : 4472, 4, 2022/07/26, 16:47:25.383, 10337612705464, vstest.console.dll, DataCollectionRequestSender.InitializeCommunication : Initialize communication. 
TpTrace Information: 0 : 4472, 4, 2022/07/26, 16:47:25.393, 10337612797456, vstest.console.dll, Listening on Endpoint : 127.0.0.1:64938
TpTrace Verbose: 0 : 4472, 4, 2022/07/26, 16:47:25.403, 10337612903922, vstest.console.dll, DotnetDataCollectionLauncher: Full path of dotnet.exe is C:\Program Files\dotnet\dotnet.exe
TpTrace Verbose: 0 : 4472, 4, 2022/07/26, 16:47:25.404, 10337612906001, vstest.console.dll, DotnetDataCollectionLauncher: Adding  --runtimeconfig "C:\Program Files\dotnet\sdk\5.0.408\datacollector.runtimeconfig.json" in args
TpTrace Verbose: 0 : 4472, 4, 2022/07/26, 16:47:25.404, 10337612907071, vstest.console.dll, DotnetDataCollectionLauncher: Adding  --depsfile "C:\Program Files\dotnet\sdk\5.0.408\datacollector.deps.json" in args
TpTrace Information: 0 : 4472, 4, 2022/07/26, 16:47:25.413, 10337613003134, vstest.console.dll, ProxyDataCollectionManager.Initialize: Launched datacollector processId: 24116 port: 64938
TpTrace Information: 0 : 4472, 4, 2022/07/26, 16:47:25.413, 10337613005646, vstest.console.dll, ProxyDataCollectionManager.Initialize: waiting for connection with timeout: 90 seconds
TpTrace Verbose: 0 : 4472, 4, 2022/07/26, 16:47:25.414, 10337613006401, vstest.console.dll, DataCollectionRequestSender.WaitForRequestHandlerConnection : Waiting for connection with timeout: 90000
TpTrace Information: 0 : 4472, 7, 2022/07/26, 16:47:25.566, 10337614528647, vstest.console.dll, Using the buffer size of 16384 bytes
TpTrace Verbose: 0 : 4472, 4, 2022/07/26, 16:47:25.566, 10337614529357, vstest.console.dll, ProxyDataCollectionManager.InvokeDataCollectionServiceAction: Starting.
TpTrace Information: 0 : 4472, 7, 2022/07/26, 16:47:25.566, 10337614530427, vstest.console.dll, Accepted Client request and set the flag
TpTrace Information: 0 : 4472, 4, 2022/07/26, 16:47:25.566, 10337614530611, vstest.console.dll, ProxyDataCollectionManager.BeforeTestRunStart: Get environment variable and port for datacollector processId: 24116 port: 64938
TpTrace Verbose: 0 : 4472, 4, 2022/07/26, 16:47:25.566, 10337614532818, vstest.console.dll, DataCollectionRequestSender.SendBeforeTestRunStartAndGetResult : Send BeforeTestRunStart message with settingsXml <RunSettings><RunConfiguration><ResultsDirectory>C:\Users\Daniel Todorov\Documents\GitHub\Chronometer-project\Chronometer\Chronometer.Tests\bin\Debug\net5.0\fine-code-coverage\coverage-tool-output</ResultsDirectory><TargetPlatform>X64</TargetPlatform><TargetFrameworkVersion>.NETCoreApp,Version=v5.0</TargetFrameworkVersion><DesignMode>False</DesignMode><CollectSourceInformation>False</CollectSourceInformation><TestAdaptersPaths>C:\Program Files\dotnet\sdk\5.0.408\Extensions</TestAdaptersPaths></RunConfiguration><LoggerRunSettings><Loggers><Logger friendlyName="blame" enabled="True" /><Logger friendlyName="Console" uri="logger://microsoft/TestPlatform/ConsoleLogger/v1" assemblyQualifiedName="Microsoft.VisualStudio.TestPlatform.CommandLine.Internal.ConsoleLogger, vstest.console, Version=15.0.0.0, Culture=neutral, PublicKeyToken=b03f5f7f11d50a3a" codeBase="C:\Program Files\dotnet\sdk\5.0.408\vstest.console.dll" enabled="True" /></Loggers></LoggerRunSettings><DataCollectionRunSettings><DataCollectors><DataCollector friendlyName="blame" enabled="True"><Configuration><ResultsDirectory>C:\Users\Daniel Todorov\Documents\GitHub\Chronometer-project\Chronometer\Chronometer.Tests\bin\Debug\net5.0\fine-code-coverage\coverage-tool-output</ResultsDirectory></Configuration></DataCollector></DataCollectors></DataCollectionRunSettings></RunSettings> and sources System.Linq.Enumerable+Concat2Iterator`1[System.String]: 
TpTrace Verbose: 0 : 4472, 4, 2022/07/26, 16:47:25.638, 10337615247998, vstest.console.dll, DataCollectionRequestSender.SendBeforeTestRunStartAndGetResult : Received message: (DataCollection.SendMessage) -> {
  "FriendlyName": null,
  "Uri": null,
  "TestCaseId": "00000000-0000-0000-0000-000000000000",
  "Message": "Logging DataCollector Diagnostics in file: C:\\Users\\Daniel Todorov\\Documents\\GitHub\\Chronometer-project\\Chronometer\\Chronometer.Tests\\bin\\Debug\\net5.0\\fine-code-coverage\\coverage-tool-output\\diagnostics.datacollector.22-07-26_16-47-25_39915_4.log",
  "Level": 0
}
TpTrace Verbose: 0 : 4472, 4, 2022/07/26, 16:47:25.706, 10337615933979, vstest.console.dll, DataCollectionRequestSender.SendBeforeTestRunStartAndGetResult : Received message: (DataCollection.BeforeTestRunStartResult) -> {
  "EnvironmentVariables": {},
  "DataCollectionEventsPort": 64940
}
TpTrace Information: 0 : 4472, 4, 2022/07/26, 16:47:25.710, 10337615972313, vstest.console.dll, ProxyDataCollectionManager.BeforeTestRunStart: SendBeforeTestRunStartAndGetResult successful, env variable from datacollector:   and testhost port: 64940
TpTrace Information: 0 : 4472, 4, 2022/07/26, 16:47:25.710, 10337615973266, vstest.console.dll, ProxyDataCollectionManager.InvokeDataCollectionServiceAction: Completed.
TpTrace Verbose: 0 : 4472, 1, 2022/07/26, 16:47:25.710, 10337615974826, vstest.console.dll, TestRunRequest.ExecuteAsync: Creating test run request.
TpTrace Verbose: 0 : 4472, 1, 2022/07/26, 16:47:25.711, 10337615977376, vstest.console.dll, TestRunRequest.ExecuteAsync: Starting.
TpTrace Information: 0 : 4472, 1, 2022/07/26, 16:47:25.711, 10337615980032, vstest.console.dll, TestRunRequest.ExecuteAsync: Starting run with settings:TestRunCriteria:
   KeepAlive=False,FrequencyOfRunStatsChangeEvent=10,RunStatsChangeEventTimeout=00:00:01.5000000,TestCaseFilter=,TestExecutorLauncher=
   Settingsxml=<RunSettings>
  <RunConfiguration>
    <ResultsDirectory>C:\Users\Daniel Todorov\Documents\GitHub\Chronometer-project\Chronometer\Chronometer.Tests\bin\Debug\net5.0\fine-code-coverage\coverage-tool-output</ResultsDirectory>
    <TargetPlatform>X64</TargetPlatform>
    <TargetFrameworkVersion>.NETCoreApp,Version=v5.0</TargetFrameworkVersion>
    <DesignMode>False</DesignMode>
    <CollectSourceInformation>False</CollectSourceInformation>
  </RunConfiguration>
  <LoggerRunSettings>
    <Loggers>
      <Logger friendlyName="blame" enabled="True" />
      <Logger friendlyName="Console" uri="logger://microsoft/TestPlatform/ConsoleLogger/v1" assemblyQualifiedName="Microsoft.VisualStudio.TestPlatform.CommandLine.Internal.ConsoleLogger, vstest.console, Version=15.0.0.0, Culture=neutral, PublicKeyToken=b03f5f7f11d50a3a" codeBase="C:\Program Files\dotnet\sdk\5.0.408\vstest.console.dll" enabled="True" />
    </Loggers>
  </LoggerRunSettings>
  <DataCollectionRunSettings>
    <DataCollectors>
      <DataCollector friendlyName="blame" enabled="True">
        <Configuration>
          <ResultsDirectory>C:\Users\Daniel Todorov\Documents\GitHub\Chronometer-project\Chronometer\Chronometer.Tests\bin\Debug\net5.0\fine-code-coverage\coverage-tool-output</ResultsDirectory>
        </Configuration>
      </DataCollector>
    </DataCollectors>
  </DataCollectionRunSettings>
</RunSettings>

TpTrace Verbose: 0 : 4472, 1, 2022/07/26, 16:47:25.711, 10337615980600, vstest.console.dll, TestRunRequest.ExecuteAsync: Wait for the first run request is over.
TpTrace Verbose: 0 : 4472, 1, 2022/07/26, 16:47:25.711, 10337615984738, vstest.console.dll, ParallelProxyExecutionManager: Start execution. Total sources: 1
TpTrace Information: 0 : 4472, 1, 2022/07/26, 16:47:25.712, 10337615991271, vstest.console.dll, ProxyParallelExecutionManager: Triggering test run for next source: C:\Users\Daniel Todorov\Documents\GitHub\Chronometer-project\Chronometer\Chronometer.Tests\bin\Debug\net5.0\fine-code-coverage\build-output\Chronometer.Tests.dll
TpTrace Verbose: 0 : 4472, 6, 2022/07/26, 16:47:25.712, 10337615993096, vstest.console.dll, ParallelProxyExecutionManager: Execution started. Started clients: 1
TpTrace Verbose: 0 : 4472, 1, 2022/07/26, 16:47:25.712, 10337615993280, vstest.console.dll, ProxyParallelExecutionManager: No sources available for execution.
TpTrace Information: 0 : 4472, 1, 2022/07/26, 16:47:25.712, 10337615994404, vstest.console.dll, TestRunRequest.ExecuteAsync: Started.
TpTrace Verbose: 0 : 4472, 1, 2022/07/26, 16:47:25.712, 10337615995186, vstest.console.dll, TestRunRequest.WaitForCompletion: Waiting with timeout -1.
TpTrace Verbose: 0 : 4472, 6, 2022/07/26, 16:47:25.713, 10337615996125, vstest.console.dll, TestRunRequest:SendTestRunMessage: Starting.
TpTrace Information: 0 : 4472, 6, 2022/07/26, 16:47:25.713, 10337615997144, vstest.console.dll, TestRunRequest:SendTestRunMessage: Completed.
TpTrace Verbose: 0 : 4472, 6, 2022/07/26, 16:47:25.713, 10337615999123, vstest.console.dll, ProxyExecutionManager: Test host is always Lazy initialize.
TpTrace Verbose: 0 : 4472, 6, 2022/07/26, 16:47:25.713, 10337616001448, vstest.console.dll, TestRequestSender.InitializeCommunication: initialize communication. 
TpTrace Information: 0 : 4472, 6, 2022/07/26, 16:47:25.714, 10337616007004, vstest.console.dll, SocketServer.Start: Listening on endpoint : 127.0.0.1:64941
TpTrace Verbose: 0 : 4472, 6, 2022/07/26, 16:47:25.714, 10337616014454, vstest.console.dll, DotnetTestHostmanager: Adding  --runtimeconfig "C:\Users\Daniel Todorov\Documents\GitHub\Chronometer-project\Chronometer\Chronometer.Tests\bin\Debug\net5.0\fine-code-coverage\build-output\Chronometer.Tests.runtimeconfig.json" in args
TpTrace Verbose: 0 : 4472, 6, 2022/07/26, 16:47:25.714, 10337616015503, vstest.console.dll, DotnetTestHostmanager: Adding  --depsfile "C:\Users\Daniel Todorov\Documents\GitHub\Chronometer-project\Chronometer\Chronometer.Tests\bin\Debug\net5.0\fine-code-coverage\build-output\Chronometer.Tests.deps.json" in args
TpTrace Verbose: 0 : 4472, 6, 2022/07/26, 16:47:25.715, 10337616017699, vstest.console.dll, DotnetTestHostManager: Testhost.exe/testhost.x86.exe found at path: C:\Users\Daniel Todorov\Documents\GitHub\Chronometer-project\Chronometer\Chronometer.Tests\bin\Debug\net5.0\fine-code-coverage\build-output\testhost.exe
TpTrace Verbose: 0 : 4472, 6, 2022/07/26, 16:47:25.715, 10337616018231, vstest.console.dll, DotnetTestHostmanager: Full path of host exe is C:\Users\Daniel Todorov\Documents\GitHub\Chronometer-project\Chronometer\Chronometer.Tests\bin\Debug\net5.0\fine-code-coverage\build-output\testhost.exe
TpTrace Verbose: 0 : 4472, 4, 2022/07/26, 16:47:25.716, 10337616027366, vstest.console.dll, DotnetTestHostManager: Starting process 'C:\Users\Daniel Todorov\Documents\GitHub\Chronometer-project\Chronometer\Chronometer.Tests\bin\Debug\net5.0\fine-code-coverage\build-output\testhost.exe' with command line ' --runtimeconfig "C:\Users\Daniel Todorov\Documents\GitHub\Chronometer-project\Chronometer\Chronometer.Tests\bin\Debug\net5.0\fine-code-coverage\build-output\Chronometer.Tests.runtimeconfig.json" --depsfile "C:\Users\Daniel Todorov\Documents\GitHub\Chronometer-project\Chronometer\Chronometer.Tests\bin\Debug\net5.0\fine-code-coverage\build-output\Chronometer.Tests.deps.json" --port 64941 --endpoint 127.0.0.1:064941 --role client --parentprocessid 4472 --diag "C:\Users\Daniel Todorov\Documents\GitHub\Chronometer-project\Chronometer\Chronometer.Tests\bin\Debug\net5.0\fine-code-coverage\coverage-tool-output\diagnostics.host.22-07-26_16-47-25_71446_6.log" --tracelevel 4 --datacollectionport 64940 --telemetryoptedin false'
TpTrace Verbose: 0 : 4472, 4, 2022/07/26, 16:47:25.721, 10337616079323, vstest.console.dll, Test Runtime launched
TpTrace Verbose: 0 : 4472, 6, 2022/07/26, 16:47:25.722, 10337616087948, vstest.console.dll, TestRequestSender.WaitForRequestHandlerConnection: waiting for connection with timeout: 90000
TpTrace Verbose: 0 : 4472, 4, 2022/07/26, 16:47:25.908, 10337617951282, vstest.console.dll, SocketServer.OnClientConnected: Client connected for endPoint: 127.0.0.1:64941, starting MessageLoopAsync:
TpTrace Verbose: 0 : 4472, 14, 2022/07/26, 16:47:25.908, 10337617954489, vstest.console.dll, TcpClientExtensions.MessageLoopAsync: Polling on remoteEndPoint: 127.0.0.1:64942 localEndPoint: 127.0.0.1:64941
TpTrace Verbose: 0 : 4472, 14, 2022/07/26, 16:47:26.053, 10337619401413, vstest.console.dll, TcpClientExtensions.MessageLoopAsync: NotifyDataAvailable remoteEndPoint: 127.0.0.1:64942 localEndPoint: 127.0.0.1:64941
TpTrace Verbose: 0 : 4472, 14, 2022/07/26, 16:47:26.053, 10337619404187, vstest.console.dll, TestRequestSender.CheckVersionWithTestHost: onMessageReceived received message: (ProtocolVersion) -> 5
TpTrace Verbose: 0 : 4472, 14, 2022/07/26, 16:47:26.054, 10337619407910, vstest.console.dll, TcpClientExtensions.MessageLoopAsync: Polling on remoteEndPoint: 127.0.0.1:64942 localEndPoint: 127.0.0.1:64941
TpTrace Verbose: 0 : 4472, 6, 2022/07/26, 16:47:26.054, 10337619409132, vstest.console.dll, TestPluginCache.GetExtensionPaths: Filtered extension paths: 
TpTrace Verbose: 0 : 4472, 6, 2022/07/26, 16:47:26.054, 10337619409940, vstest.console.dll, TestPluginCache.GetExtensionPaths: Added default extension paths: C:\Program Files\dotnet\sdk\5.0.408\Extensions\Microsoft.Diagnostics.NETCore.Client.dll
C:\Program Files\dotnet\sdk\5.0.408\Extensions\Microsoft.TestPlatform.Extensions.BlameDataCollector.dll
C:\Program Files\dotnet\sdk\5.0.408\Extensions\Microsoft.TestPlatform.Extensions.EventLogCollector.dll
C:\Program Files\dotnet\sdk\5.0.408\Extensions\Microsoft.TestPlatform.TestHostRuntimeProvider.dll
C:\Program Files\dotnet\sdk\5.0.408\Extensions\Microsoft.VisualStudio.TestPlatform.Extensions.Html.TestLogger.dll
C:\Program Files\dotnet\sdk\5.0.408\Extensions\Microsoft.VisualStudio.TestPlatform.Extensions.Trx.TestLogger.dll
TpTrace Verbose: 0 : 4472, 6, 2022/07/26, 16:47:26.054, 10337619410529, vstest.console.dll, TestPluginCache.GetExtensionPaths: Added unfilterableExtensionPaths: 
TpTrace Verbose: 0 : 4472, 6, 2022/07/26, 16:47:26.057, 10337619444632, vstest.console.dll, TestRequestSender.InitializeExecution: Sending initializing execution with message: {"Version":5,"MessageType":"TestExecution.Initialize","Payload":["C:\\Users\\Daniel Todorov\\Documents\\GitHub\\Chronometer-project\\Chronometer\\Chronometer.Tests\\bin\\Debug\\net5.0\\fine-code-coverage\\build-output\\NUnit3.TestAdapter.dll"]}
TpTrace Verbose: 0 : 4472, 14, 2022/07/26, 16:47:26.064, 10337619509133, vstest.console.dll, TcpClientExtensions.MessageLoopAsync: NotifyDataAvailable remoteEndPoint: 127.0.0.1:64942 localEndPoint: 127.0.0.1:64941
TpTrace Verbose: 0 : 4472, 14, 2022/07/26, 16:47:26.064, 10337619511025, vstest.console.dll, TestRequestSender.OnExecutionMessageReceived: Received message: {"Version":5,"MessageType":"TestSession.Message","Payload":{"MessageLevel":0,"Message":"Logging TestHost Diagnostics in file: C:\\Users\\Daniel Todorov\\Documents\\GitHub\\Chronometer-project\\Chronometer\\Chronometer.Tests\\bin\\Debug\\net5.0\\fine-code-coverage\\coverage-tool-output\\diagnostics.host.22-07-26_16-47-25_71446_6.log"}}
TpTrace Verbose: 0 : 4472, 6, 2022/07/26, 16:47:26.065, 10337619520869, vstest.console.dll, TestRequestSender.StartTestRun: Sending test run with message: {"Version":5,"MessageType":"TestExecution.StartWithSources","Payload":{"AdapterSourceMap":{"_none_":["C:\\Users\\Daniel Todorov\\Documents\\GitHub\\Chronometer-project\\Chronometer\\Chronometer.Tests\\bin\\Debug\\net5.0\\fine-code-coverage\\build-output\\Chronometer.Tests.dll"]},"RunSettings":"<RunSettings>\r\n  <RunConfiguration>\r\n    <ResultsDirectory>C:\\Users\\Daniel Todorov\\Documents\\GitHub\\Chronometer-project\\Chronometer\\Chronometer.Tests\\bin\\Debug\\net5.0\\fine-code-coverage\\coverage-tool-output</ResultsDirectory>\r\n    <TargetPlatform>X64</TargetPlatform>\r\n    <TargetFrameworkVersion>.NETCoreApp,Version=v5.0</TargetFrameworkVersion>\r\n    <DesignMode>False</DesignMode>\r\n    <CollectSourceInformation>False</CollectSourceInformation>\r\n  </RunConfiguration>\r\n  <LoggerRunSettings>\r\n    <Loggers>\r\n      <Logger friendlyName=\"blame\" enabled=\"True\" />\r\n      <Logger friendlyName=\"Console\" uri=\"logger://microsoft/TestPlatform/ConsoleLogger/v1\" assemblyQualifiedName=\"Microsoft.VisualStudio.TestPlatform.CommandLine.Internal.ConsoleLogger, vstest.console, Version=15.0.0.0, Culture=neutral, PublicKeyToken=b03f5f7f11d50a3a\" codeBase=\"C:\\Program Files\\dotnet\\sdk\\5.0.408\\vstest.console.dll\" enabled=\"True\" />\r\n    </Loggers>\r\n  </LoggerRunSettings>\r\n  <DataCollectionRunSettings>\r\n    <DataCollectors>\r\n      <DataCollector friendlyName=\"blame\" enabled=\"True\">\r\n        <Configuration>\r\n          <ResultsDirectory>C:\\Users\\Daniel Todorov\\Documents\\GitHub\\Chronometer-project\\Chronometer\\Chronometer.Tests\\bin\\Debug\\net5.0\\fine-code-coverage\\coverage-tool-output</ResultsDirectory>\r\n        </Configuration>\r\n      </DataCollector>\r\n    </DataCollectors>\r\n  </DataCollectionRunSettings>\r\n</RunSettings>","TestExecutionContext":{"FrequencyOfRunStatsChangeEvent":10,"RunStatsChangeEventTimeout":"00:00:01.5000000","InIsolation":false,"KeepAlive":false,"AreTestCaseLevelEventsRequired":false,"IsDebug":false,"TestCaseFilter":null,"FilterOptions":null},"Package":null}}
TpTrace Verbose: 0 : 4472, 14, 2022/07/26, 16:47:26.066, 10337619532046, vstest.console.dll, TestRunRequest:SendTestRunMessage: Starting.
TpTrace Information: 0 : 4472, 14, 2022/07/26, 16:47:26.066, 10337619533165, vstest.console.dll, TestRunRequest:SendTestRunMessage: Completed.
TpTrace Verbose: 0 : 4472, 14, 2022/07/26, 16:47:26.066, 10337619533786, vstest.console.dll, TcpClientExtensions.MessageLoopAsync: Polling on remoteEndPoint: 127.0.0.1:64942 localEndPoint: 127.0.0.1:64941
TpTrace Verbose: 0 : 4472, 14, 2022/07/26, 16:47:26.222, 10337621089208, vstest.console.dll, TcpClientExtensions.MessageLoopAsync: NotifyDataAvailable remoteEndPoint: 127.0.0.1:64942 localEndPoint: 127.0.0.1:64941
TpTrace Verbose: 0 : 4472, 14, 2022/07/26, 16:47:26.222, 10337621090738, vstest.console.dll, TestRequestSender.OnExecutionMessageReceived: Received message: {"Version":5,"MessageType":"TestSession.Message","Payload":{"MessageLevel":0,"Message":"NUnit Adapter 3.17.0.0: Test execution started"}}
TpTrace Verbose: 0 : 4472, 14, 2022/07/26, 16:47:26.222, 10337621093430, vstest.console.dll, TestRunRequest:SendTestRunMessage: Starting.
TpTrace Information: 0 : 4472, 14, 2022/07/26, 16:47:26.222, 10337621094149, vstest.console.dll, TestRunRequest:SendTestRunMessage: Completed.
TpTrace Verbose: 0 : 4472, 14, 2022/07/26, 16:47:26.222, 10337621094660, vstest.console.dll, TcpClientExtensions.MessageLoopAsync: Polling on remoteEndPoint: 127.0.0.1:64942 localEndPoint: 127.0.0.1:64941
TpTrace Verbose: 0 : 4472, 14, 2022/07/26, 16:47:26.255, 10337621419267, vstest.console.dll, TcpClientExtensions.MessageLoopAsync: NotifyDataAvailable remoteEndPoint: 127.0.0.1:64942 localEndPoint: 127.0.0.1:64941
TpTrace Verbose: 0 : 4472, 14, 2022/07/26, 16:47:26.255, 10337621420455, vstest.console.dll, TestRequestSender.OnExecutionMessageReceived: Received message: {"Version":5,"MessageType":"TestSession.Message","Payload":{"MessageLevel":0,"Message":"Running all tests in C:\\Users\\Daniel Todorov\\Documents\\GitHub\\Chronometer-project\\Chronometer\\Chronometer.Tests\\bin\\Debug\\net5.0\\fine-code-coverage\\build-output\\Chronometer.Tests.dll"}}
TpTrace Verbose: 0 : 4472, 14, 2022/07/26, 16:47:26.258, 10337621452350, vstest.console.dll, TestRunRequest:SendTestRunMessage: Starting.
TpTrace Information: 0 : 4472, 14, 2022/07/26, 16:47:26.258, 10337621454078, vstest.console.dll, TestRunRequest:SendTestRunMessage: Completed.
TpTrace Verbose: 0 : 4472, 14, 2022/07/26, 16:47:26.258, 10337621454572, vstest.console.dll, TcpClientExtensions.MessageLoopAsync: Polling on remoteEndPoint: 127.0.0.1:64942 localEndPoint: 127.0.0.1:64941
TpTrace Verbose: 0 : 4472, 14, 2022/07/26, 16:47:26.381, 10337622682015, vstest.console.dll, TcpClientExtensions.MessageLoopAsync: NotifyDataAvailable remoteEndPoint: 127.0.0.1:64942 localEndPoint: 127.0.0.1:64941
TpTrace Verbose: 0 : 4472, 14, 2022/07/26, 16:47:26.381, 10337622683521, vstest.console.dll, TestRequestSender.OnExecutionMessageReceived: Received message: {"Version":5,"MessageType":"TestSession.Message","Payload":{"MessageLevel":0,"Message":"   NUnit3TestExecutor discovered 10 of 10 NUnit test cases"}}
TpTrace Verbose: 0 : 4472, 14, 2022/07/26, 16:47:26.381, 10337622685387, vstest.console.dll, TestRunRequest:SendTestRunMessage: Starting.
TpTrace Information: 0 : 4472, 14, 2022/07/26, 16:47:26.382, 10337622686029, vstest.console.dll, TestRunRequest:SendTestRunMessage: Completed.
TpTrace Verbose: 0 : 4472, 14, 2022/07/26, 16:47:26.382, 10337622686516, vstest.console.dll, TcpClientExtensions.MessageLoopAsync: Polling on remoteEndPoint: 127.0.0.1:64942 localEndPoint: 127.0.0.1:64941
TpTrace Verbose: 0 : 4472, 14, 2022/07/26, 16:47:26.548, 10337624350988, vstest.console.dll, TcpClientExtensions.MessageLoopAsync: NotifyDataAvailable remoteEndPoint: 127.0.0.1:64942 localEndPoint: 127.0.0.1:64941
TpTrace Verbose: 0 : 4472, 14, 2022/07/26, 16:47:26.548, 10337624352923, vstest.console.dll, TestRequestSender.OnExecutionMessageReceived: Received message: {"Version":5,"MessageType":"TestExecution.StatsChange","Payload":{"NewTestResults":[{"TestCase":{"Id":"30aea809-7166-c898-055b-007d742f5e46","FullyQualifiedName":"Chronometer.Tests.DeleteTests.Deleting_Chronometer_Throws","DisplayName":"Deleting_Chronometer_Throws","ExecutorUri":"executor://NUnit3TestExecutor","Source":"C:\\Users\\Daniel Todorov\\Documents\\GitHub\\Chronometer-project\\Chronometer\\Chronometer.Tests\\bin\\Debug\\net5.0\\fine-code-coverage\\build-output\\Chronometer.Tests.dll","CodeFilePath":null,"LineNumber":0,"Properties":[]},"Attachments":[],"Outcome":1,"ErrorMessage":null,"ErrorStackTrace":null,"DisplayName":"Deleting_Chronometer_Throws","Messages":[],"ComputerName":"DTODOROV-DUAL","Duration":"00:00:00.0358940","StartTime":"2022-07-26T13:47:26.4117429+00:00","EndTime":"2022-07-26T13:47:26.4475224+00:00","Properties":[]},{"TestCase":{"Id":"1499df1e-bdf9-355f-7bf9-aa299fa63d28","FullyQualifiedName":"Chronometer.Tests.DeleteTests.Deleting_Chronometer_Works","DisplayName":"Deleting_Chronometer_Works","ExecutorUri":"executor://NUnit3TestExecutor","Source":"C:\\Users\\Daniel Todorov\\Documents\\GitHub\\Chronometer-project\\Chronometer\\Chronometer.Tests\\bin\\Debug\\net5.0\\fine-code-coverage\\build-output\\Chronometer.Tests.dll","CodeFilePath":null,"LineNumber":0,"Properties":[]},"Attachments":[],"Outcome":2,"ErrorMessage":"  Expected: 2\r\n  But was:  5\r\n","ErrorStackTrace":"   at Chronometer.Tests.DeleteTests.Deleting_Chronometer_Works() in C:\\Users\\Daniel Todorov\\Documents\\GitHub\\Chronometer-project\\Chronometer\\Chronometer.Tests\\DeleteTests.cs:line 28\r\n","DisplayName":"Deleting_Chronometer_Works","Messages":[],"ComputerName":"DTODOROV-DUAL","Duration":"00:00:00.0458000","StartTime":"2022-07-26T13:47:26.4495436+00:00","EndTime":"2022-07-26T13:47:26.4953429+00:00","Properties":[]},{"TestCase":{"Id":"9b740e83-b222-07fb-56b2-6177a2b70828","FullyQualifiedName":"Chronometer.Tests.GetTests.Getting_All_Chronometers_GivesEmptyList","DisplayName":"Getting_All_Chronometers_GivesEmptyList","ExecutorUri":"executor://NUnit3TestExecutor","Source":"C:\\Users\\Daniel Todorov\\Documents\\GitHub\\Chronometer-project\\Chronometer\\Chronometer.Tests\\bin\\Debug\\net5.0\\fine-code-coverage\\build-output\\Chronometer.Tests.dll","CodeFilePath":null,"LineNumber":0,"Properties":[]},"Attachments":[],"Outcome":2,"ErrorMessage":"  Expected: <empty>\r\n  But was:  < <Chronometer.Models.ChronometerModel>, <Chronometer.Models.ChronometerModel>, <Chronometer.Models.ChronometerModel>, <Chronometer.Models.ChronometerModel>, <Chronometer.Models.ChronometerModel> >\r\n","ErrorStackTrace":"   at Chronometer.Tests.GetTests.Getting_All_Chronometers_GivesEmptyList() in C:\\Users\\Daniel Todorov\\Documents\\GitHub\\Chronometer-project\\Chronometer\\Chronometer.Tests\\GetTests.cs:line 73\r\n","DisplayName":"Getting_All_Chronometers_GivesEmptyList","Messages":[],"ComputerName":"DTODOROV-DUAL","Duration":"00:00:00.0023280","StartTime":"2022-07-26T13:47:26.4980757+00:00","EndTime":"2022-07-26T13:47:26.5004035+00:00","Properties":[]},{"TestCase":{"Id":"5af03f19-b0b4-2e8a-734b-5c82b1841404","FullyQualifiedName":"Chronometer.Tests.GetTests.Getting_All_Chronometers_Passes","DisplayName":"Getting_All_Chronometers_Passes","ExecutorUri":"executor://NUnit3TestExecutor","Source":"C:\\Users\\Daniel Todorov\\Documents\\GitHub\\Chronometer-project\\Chronometer\\Chronometer.Tests\\bin\\Debug\\net5.0\\fine-code-coverage\\build-output\\Chronometer.Tests.dll","CodeFilePath":null,"LineNumber":0,"Properties":[]},"Attachments":[],"Outcome":2,"ErrorMessage":"  Expected: 3\r\n  But was:  8\r\n","ErrorStackTrace":"   at Chronometer.Tests.GetTests.Getting_All_Chronometers_Passes() in C:\\Users\\Daniel Todorov\\Documents\\GitHub\\Chronometer-project\\Chronometer\\Chronometer.Tests\\GetTests.cs:line 60\r\n","DisplayName":"Getting_All_Chronometers_Passes","Messages":[],"ComputerName":"DTODOROV-DUAL","Duration":"00:00:00.0008230","StartTime":"2022-07-26T13:47:26.5004212+00:00","EndTime":"2022-07-26T13:47:26.5012439+00:00","Properties":[]},{"TestCase":{"Id":"e89b796e-f4ae-ae3b-cdd7-88a375d77f89","FullyQualifiedName":"Chronometer.Tests.GetTests.Getting_Chronometer_Passes","DisplayName":"Getting_Chronometer_Passes","ExecutorUri":"executor://NUnit3TestExecutor","Source":"C:\\Users\\Daniel Todorov\\Documents\\GitHub\\Chronometer-project\\Chronometer\\Chronometer.Tests\\bin\\Debug\\net5.0\\fine-code-coverage\\build-output\\Chronometer.Tests.dll","CodeFilePath":null,"LineNumber":0,"Properties":[]},"Attachments":[],"Outcome":2,"ErrorMessage":"System.Exception : Timer with id 1 does not exists","ErrorStackTrace":"   at Chronometer.Controllers.ChronometerController.Get(Int32 id) in C:\\Users\\Daniel Todorov\\Documents\\GitHub\\Chronometer-project\\Chronometer\\Chronometer\\Controllers\\ChronometerController.cs:line 27\r\n   at Chronometer.Tests.GetTests.Getting_Chronometer_Passes() in C:\\Users\\Daniel Todorov\\Documents\\GitHub\\Chronometer-project\\Chronometer\\Chronometer.Tests\\GetTests.cs:line 29","DisplayName":"Getting_Chronometer_Passes","Messages":[],"ComputerName":"DTODOROV-DUAL","Duration":"00:00:00.0051710","StartTime":"2022-07-26T13:47:26.5012552+00:00","EndTime":"2022-07-26T13:47:26.5064244+00:00","Properties":[]},{"TestCase":{"Id":"7b3b6867-2ccb-43ed-5483-ce42e87fcb49","FullyQualifiedName":"Chronometer.Tests.GetTests.Getting_Chronometer_Throws","DisplayName":"Getting_Chronometer_Throws","ExecutorUri":"executor://NUnit3TestExecutor","Source":"C:\\Users\\Daniel Todorov\\Documents\\GitHub\\Chronometer-project\\Chronometer\\Chronometer.Tests\\bin\\Debug\\net5.0\\fine-code-coverage\\build-output\\Chronometer.Tests.dll","CodeFilePath":null,"LineNumber":0,"Properties":[]},"Attachments":[],"Outcome":2,"ErrorMessage":"  Expected: <System.Exception>\r\n  But was:  null\r\n","ErrorStackTrace":"   at Chronometer.Tests.GetTests.Getting_Chronometer_Throws() in C:\\Users\\Daniel Todorov\\Documents\\GitHub\\Chronometer-project\\Chronometer\\Chronometer.Tests\\GetTests.cs:line 44\r\n","DisplayName":"Getting_Chronometer_Throws","Messages":[],"ComputerName":"DTODOROV-DUAL","Duration":"00:00:00.0022340","StartTime":"2022-07-26T13:47:26.5064565+00:00","EndTime":"2022-07-26T13:47:26.5086906+00:00","Properties":[]},{"TestCase":{"Id":"189bc0ca-5407-d03c-39a9-40c83c19ae6f","FullyQualifiedName":"Chronometer.Tests.PostTests.Adding_Chronometer_Passes","DisplayName":"Adding_Chronometer_Passes","ExecutorUri":"executor://NUnit3TestExecutor","Source":"C:\\Users\\Daniel Todorov\\Documents\\GitHub\\Chronometer-project\\Chronometer\\Chronometer.Tests\\bin\\Debug\\net5.0\\fine-code-coverage\\build-output\\Chronometer.Tests.dll","CodeFilePath":null,"LineNumber":0,"Properties":[]},"Attachments":[],"Outcome":1,"ErrorMessage":null,"ErrorStackTrace":null,"DisplayName":"Adding_Chronometer_Passes","Messages":[],"ComputerName":"DTODOROV-DUAL","Duration":"00:00:00.0043220","StartTime":"2022-07-26T13:47:26.5089003+00:00","EndTime":"2022-07-26T13:47:26.513222+00:00","Properties":[]},{"TestCase":{"Id":"60f52d6a-8783-9804-65ee-4659e157197d","FullyQualifiedName":"Chronometer.Tests.PostTests.Adding_Multiple_Chronometers_Passes","DisplayName":"Adding_Multiple_Chronometers_Passes","ExecutorUri":"executor://NUnit3TestExecutor","Source":"C:\\Users\\Daniel Todorov\\Documents\\GitHub\\Chronometer-project\\Chronometer\\Chronometer.Tests\\bin\\Debug\\net5.0\\fine-code-coverage\\build-output\\Chronometer.Tests.dll","CodeFilePath":null,"LineNumber":0,"Properties":[]},"Attachments":[],"Outcome":2,"ErrorMessage":"  Expected: 3\r\n  But was:  18\r\n","ErrorStackTrace":"   at Chronometer.Tests.PostTests.Adding_Multiple_Chronometers_Passes() in C:\\Users\\Daniel Todorov\\Documents\\GitHub\\Chronometer-project\\Chronometer\\Chronometer.Tests\\PostTests.cs:line 41\r\n","DisplayName":"Adding_Multiple_Chronometers_Passes","Messages":[],"ComputerName":"DTODOROV-DUAL","Duration":"00:00:00.0009170","StartTime":"2022-07-26T13:47:26.5132395+00:00","EndTime":"2022-07-26T13:47:26.514156+00:00","Properties":[]},{"TestCase":{"Id":"ca7f969d-49ed-1803-9f4c-b57ddf2fc1af","FullyQualifiedName":"Chronometer.Tests.PutTests.Changing_Chronometer_Throws","DisplayName":"Changing_Chronometer_Throws","ExecutorUri":"executor://NUnit3TestExecutor","Source":"C:\\Users\\Daniel Todorov\\Documents\\GitHub\\Chronometer-project\\Chronometer\\Chronometer.Tests\\bin\\Debug\\net5.0\\fine-code-coverage\\build-output\\Chronometer.Tests.dll","CodeFilePath":null,"LineNumber":0,"Properties":[]},"Attachments":[],"Outcome":2,"ErrorMessage":"  Expected: <System.Exception>\r\n  But was:  null\r\n","ErrorStackTrace":"   at Chronometer.Tests.PutTests.Changing_Chronometer_Throws() in C:\\Users\\Daniel Todorov\\Documents\\GitHub\\Chronometer-project\\Chronometer\\Chronometer.Tests\\PutTests.cs:line 38\r\n","DisplayName":"Changing_Chronometer_Throws","Messages":[],"ComputerName":"DTODOROV-DUAL","Duration":"00:00:00.0016690","StartTime":"2022-07-26T13:47:26.5142909+00:00","EndTime":"2022-07-26T13:47:26.5159597+00:00","Properties":[]}],"TestRunStatistics":{"ExecutedTests":9,"Stats":{"Passed":2,"Failed":7}},"ActiveTests":[{"Id":"89e44ff6-876b-b650-f280-f9dd6a3c3c60","FullyQualifiedName":"Chronometer.Tests.PutTests.Changing_Chronometer_Works","DisplayName":"Changing_Chronometer_Works","ExecutorUri":"executor://NUnit3TestExecutor","Source":"C:\\Users\\Daniel Todorov\\Documents\\GitHub\\Chronometer-project\\Chronometer\\Chronometer.Tests\\bin\\Debug\\net5.0\\fine-code-coverage\\build-output\\Chronometer.Tests.dll","CodeFilePath":null,"LineNumber":0,"Properties":[]}]}}
TpTrace Verbose: 0 : 4472, 14, 2022/07/26, 16:47:26.571, 10337624575865, vstest.console.dll, TestRunRequest:SendTestRunStatsChange: Starting.
TpTrace Verbose: 0 : 4472, 14, 2022/07/26, 16:47:26.571, 10337624577370, vstest.console.dll, InProgress is Changing_Chronometer_Works
TpTrace Information: 0 : 4472, 14, 2022/07/26, 16:47:26.571, 10337624579452, vstest.console.dll, TestRunRequest:SendTestRunStatsChange: Completed.
TpTrace Verbose: 0 : 4472, 14, 2022/07/26, 16:47:26.571, 10337624580023, vstest.console.dll, TcpClientExtensions.MessageLoopAsync: Polling on remoteEndPoint: 127.0.0.1:64942 localEndPoint: 127.0.0.1:64941
TpTrace Verbose: 0 : 4472, 14, 2022/07/26, 16:47:26.571, 10337624580548, vstest.console.dll, TcpClientExtensions.MessageLoopAsync: NotifyDataAvailable remoteEndPoint: 127.0.0.1:64942 localEndPoint: 127.0.0.1:64941
TpTrace Verbose: 0 : 4472, 14, 2022/07/26, 16:47:26.571, 10337624581202, vstest.console.dll, TestRequestSender.OnExecutionMessageReceived: Received message: {"Version":5,"MessageType":"TestSession.Message","Payload":{"MessageLevel":0,"Message":"NUnit Adapter 3.17.0.0: Test execution complete"}}
TpTrace Verbose: 0 : 4472, 14, 2022/07/26, 16:47:26.571, 10337624582639, vstest.console.dll, TestRunRequest:SendTestRunMessage: Starting.
TpTrace Information: 0 : 4472, 14, 2022/07/26, 16:47:26.571, 10337624583129, vstest.console.dll, TestRunRequest:SendTestRunMessage: Completed.
TpTrace Verbose: 0 : 4472, 14, 2022/07/26, 16:47:26.571, 10337624583566, vstest.console.dll, TcpClientExtensions.MessageLoopAsync: Polling on remoteEndPoint: 127.0.0.1:64942 localEndPoint: 127.0.0.1:64941
TpTrace Verbose: 0 : 4472, 14, 2022/07/26, 16:47:26.575, 10337624619493, vstest.console.dll, TcpClientExtensions.MessageLoopAsync: NotifyDataAvailable remoteEndPoint: 127.0.0.1:64942 localEndPoint: 127.0.0.1:64941
TpTrace Verbose: 0 : 4472, 14, 2022/07/26, 16:47:26.575, 10337624620392, vstest.console.dll, TestRequestSender.OnExecutionMessageReceived: Received message: {"Version":5,"MessageType":"TestExecution.Completed","Payload":{"TestRunCompleteArgs":{"TestRunStatistics":{"ExecutedTests":10,"Stats":{"Passed":2,"Failed":8}},"IsCanceled":false,"IsAborted":false,"Error":null,"AttachmentSets":[],"ElapsedTimeInRunningTests":"00:00:00.3545022","Metrics":{}},"LastRunTests":{"NewTestResults":[{"TestCase":{"Id":"89e44ff6-876b-b650-f280-f9dd6a3c3c60","FullyQualifiedName":"Chronometer.Tests.PutTests.Changing_Chronometer_Works","DisplayName":"Changing_Chronometer_Works","ExecutorUri":"executor://NUnit3TestExecutor","Source":"C:\\Users\\Daniel Todorov\\Documents\\GitHub\\Chronometer-project\\Chronometer\\Chronometer.Tests\\bin\\Debug\\net5.0\\fine-code-coverage\\build-output\\Chronometer.Tests.dll","CodeFilePath":null,"LineNumber":0,"Properties":[]},"Attachments":[],"Outcome":2,"ErrorMessage":"System.Exception : Chronometer with id 1 does not exist","ErrorStackTrace":"   at Chronometer.Controllers.ChronometerController.Put(Int32 id, ChronometerModel value) in C:\\Users\\Daniel Todorov\\Documents\\GitHub\\Chronometer-project\\Chronometer\\Chronometer\\Controllers\\ChronometerController.cs:line 50\r\n   at Chronometer.Tests.PutTests.Changing_Chronometer_Works() in C:\\Users\\Daniel Todorov\\Documents\\GitHub\\Chronometer-project\\Chronometer\\Chronometer.Tests\\PutTests.cs:line 26","DisplayName":"Changing_Chronometer_Works","Messages":[],"ComputerName":"DTODOROV-DUAL","Duration":"00:00:00.0006630","StartTime":"2022-07-26T13:47:26.5159743+00:00","EndTime":"2022-07-26T13:47:26.5166375+00:00","Properties":[]}],"TestRunStatistics":{"ExecutedTests":10,"Stats":{"Passed":2,"Failed":8}},"ActiveTests":[]},"RunAttachments":[],"ExecutorUris":["executor://nunit3testexecutor/"]}}
TpTrace Verbose: 0 : 4472, 14, 2022/07/26, 16:47:26.575, 10337624622127, vstest.console.dll, TestRequestSender.EndSession: Sending end session.
TpTrace Verbose: 0 : 4472, 14, 2022/07/26, 16:47:26.575, 10337624623090, vstest.console.dll, ProxyOperationManager.Close: waiting for test host to exit for 100 ms
TpTrace Warning: 0 : 4472, 12, 2022/07/26, 16:47:26.590, 10337624768508, vstest.console.dll, TestHostManagerCallbacks.ErrorReceivedCallback Test host standard error line: 
TpTrace Verbose: 0 : 4472, 7, 2022/07/26, 16:47:26.595, 10337624819614, vstest.console.dll, TestHostProvider.ExitCallBack: Host exited starting callback.
TpTrace Information: 0 : 4472, 7, 2022/07/26, 16:47:26.595, 10337624825137, vstest.console.dll, TestHostManagerCallbacks.ExitCallBack: Testhost processId: 21576 exited with exitcode: 0 error: ''
TpTrace Verbose: 0 : 4472, 7, 2022/07/26, 16:47:26.595, 10337624825697, vstest.console.dll, DotnetTestHostManager.OnHostExited: invoking OnHostExited callback
TpTrace Verbose: 0 : 4472, 7, 2022/07/26, 16:47:26.596, 10337624826401, vstest.console.dll, CrossPlatEngine.TestHostManagerHostExited: calling on client process exit callback.
TpTrace Information: 0 : 4472, 7, 2022/07/26, 16:47:26.596, 10337624827022, vstest.console.dll, TestRequestSender.OnClientProcessExit: Test host process exited. Standard error: 
TpTrace Warning: 0 : 4472, 14, 2022/07/26, 16:47:26.596, 10337624827210, vstest.console.dll, ProxyOperationManager: Timed out waiting for test host to exit. Will terminate process.
TpTrace Information: 0 : 4472, 7, 2022/07/26, 16:47:26.596, 10337624827558, vstest.console.dll, SocketServer.Stop: Stop server endPoint: 127.0.0.1:64941
TpTrace Information: 0 : 4472, 7, 2022/07/26, 16:47:26.596, 10337624828521, vstest.console.dll, SocketServer.Stop: Cancellation requested. Stopping message loop.
TpTrace Verbose: 0 : 4472, 14, 2022/07/26, 16:47:26.596, 10337624833533, vstest.console.dll, ProxyDataCollectionManager.InvokeDataCollectionServiceAction: Starting.
TpTrace Information: 0 : 4472, 14, 2022/07/26, 16:47:26.596, 10337624834083, vstest.console.dll, ProxyDataCollectionManager.AfterTestRunEnd: Get attachment set for datacollector processId: 24116 port: 64938
TpTrace Verbose: 0 : 4472, 14, 2022/07/26, 16:47:26.596, 10337624834664, vstest.console.dll, DataCollectionRequestSender.SendAfterTestRunStartAndGetResult : Send AfterTestRunEnd message with isCancelled: False
TpTrace Verbose: 0 : 4472, 14, 2022/07/26, 16:47:26.602, 10337624886879, vstest.console.dll, DataCollectionRequestSender.SendAfterTestRunStartAndGetResult : Received message: (DataCollection.AfterTestRunEndResult) -> {
  "AttachmentSets": [],
  "Metrics": {}
}
TpTrace Information: 0 : 4472, 14, 2022/07/26, 16:47:26.604, 10337624908348, vstest.console.dll, ProxyDataCollectionManager.InvokeDataCollectionServiceAction: Completed.
TpTrace Warning: 0 : 4472, 9, 2022/07/26, 16:47:26.607, 10337624942107, vstest.console.dll, DataCollectionLauncher.ErrorReceivedCallback datacollector standard error line: 
TpTrace Information: 0 : 4472, 7, 2022/07/26, 16:47:26.611, 10337624978168, vstest.console.dll, DataCollectionLauncher.ExitCallBack: Data collector exited with exitcode: 0 error: ''
TpTrace Verbose: 0 : 4472, 14, 2022/07/26, 16:47:26.621, 10337625082470, vstest.console.dll, TestRunRequest:SendTestRunStatsChange: Starting.
TpTrace Information: 0 : 4472, 14, 2022/07/26, 16:47:26.621, 10337625083352, vstest.console.dll, TestRunRequest:SendTestRunStatsChange: Completed.
TpTrace Verbose: 0 : 4472, 14, 2022/07/26, 16:47:26.621, 10337625085059, vstest.console.dll, ParallelProxyExecutionManager: HandlePartialRunComplete: Total completed clients = 1, Run complete = True, Run canceled: False.
TpTrace Verbose: 0 : 4472, 14, 2022/07/26, 16:47:26.644, 10337625309840, vstest.console.dll, TestRunRequest:TestRunComplete: Starting. IsAborted:False IsCanceled:False.
TpTrace Verbose: 0 : 4472, 14, 2022/07/26, 16:47:26.644, 10337625312660, vstest.console.dll, TestLoggerManager.HandleTestRunComplete: Ignoring as the object is disposed.
TpTrace Information: 0 : 4472, 14, 2022/07/26, 16:47:26.644, 10337625314876, vstest.console.dll, TestRunRequest:TestRunComplete: Completed.
TpTrace Verbose: 0 : 4472, 14, 2022/07/26, 16:47:26.644, 10337625315399, vstest.console.dll, TestRequestSender.SetOperationComplete: Setting operation complete.
TpTrace Verbose: 0 : 4472, 1, 2022/07/26, 16:47:26.644, 10337625315421, vstest.console.dll, TestRunRequest.Dispose: Starting.
TpTrace Information: 0 : 4472, 14, 2022/07/26, 16:47:26.645, 10337625315853, vstest.console.dll, SocketServer.Stop: Stop server endPoint: 127.0.0.1:64941
TpTrace Information: 0 : 4472, 1, 2022/07/26, 16:47:26.645, 10337625316401, vstest.console.dll, TestRunRequest.Dispose: Completed.
TpTrace Information: 0 : 4472, 14, 2022/07/26, 16:47:26.645, 10337625316998, vstest.console.dll, SocketServer.Stop: Cancellation requested. Stopping message loop.
TpTrace Information: 0 : 4472, 1, 2022/07/26, 16:47:26.645, 10337625317559, vstest.console.dll, TestRequestManager.RunTests: run tests completed.
TpTrace Information: 0 : 4472, 14, 2022/07/26, 16:47:26.645, 10337625318367, vstest.console.dll, SocketServer.PrivateStop: Stop server endPoint: 127.0.0.1:64941 error: 
TpTrace Information: 0 : 4472, 1, 2022/07/26, 16:47:26.645, 10337625319013, vstest.console.dll, RunTestsArgumentProcessor:Execute: Test run is completed.
TpTrace Verbose: 0 : 4472, 1, 2022/07/26, 16:47:26.645, 10337625320779, vstest.console.dll, Executor.Execute: Exiting with exit code of 1
TpTrace Verbose: 0 : 4472, 14, 2022/07/26, 16:47:26.645, 10337625323891, vstest.console.dll, LengthPrefixCommunicationChannel.Dispose: Dispose reader and writer.
TpTrace Information: 0 : 4472, 14, 2022/07/26, 16:47:26.645, 10337625324644, vstest.console.dll, SocketServer.Stop: Raise disconnected event endPoint: 127.0.0.1:64941 error: 
TpTrace Verbose: 0 : 4472, 14, 2022/07/26, 16:47:26.645, 10337625325344, vstest.console.dll, TestRequestSender: OnTestRunAbort: Operation is already complete. Skip error message.
